
--------------------------------------------------------------------------------
          Access violation detected at Wed Apr 08 05:01:37 2020 +0200
--------------------------------------------------------------------------------

Configuration:
  Crash Decoding           : Disabled - No sandbox or build area path
  Crash Mode               : continue (default)
  Default Encoding         : windows-1252
  Deployed                 : false
  Graphics Driver          : Unknown software 
  Graphics card 1          : Intel Corporation ( 0x8086 ) Intel(R) UHD Graphics 630 Version 24.20.100.6345 (2018-9-14)
  Graphics card 2          : NVIDIA ( 0x10de ) NVIDIA GeForce GTX 1050 Version 26.21.14.4274 (2020-3-13)
  Java Version             : Java 1.8.0_202-b08 with Oracle Corporation Java HotSpot(TM) 64-Bit Server VM mixed mode
  MATLAB Architecture      : win64
  MATLAB Entitlement ID    : 2194628
  MATLAB Root              : C:\Program Files\MATLAB\R2019b
  MATLAB Version           : 9.7.0.1190202 (R2019b)
  OpenGL                   : hardware
  Operating System         : Microsoft Windows 10 Education
  Process ID               : 16364
  Processor ID             : x86 Family 6 Model 158 Stepping 10, GenuineIntel
  Session Key              : 8e61e7d2-8c1a-4e0a-b461-13399ecaacf5
  Window System            : Version 10.0 (Build 18362)

Fault Count: 1


Abnormal termination:
Access violation

Register State (from fault):
  RAX = 00000000043f60f8  RBX = 00000000043f6680
  RCX = 0000000000000000  RDX = 00000000043f60f8
  RSP = 00000000043f6070  RBP = 00000000043f69f0
  RSI = 00000001fa9b98e0  RDI = 0000000000000000
 
   R8 = 0000000000000000   R9 = 0000000000000001
  R10 = 0000000000008000  R11 = 00000000043f6030
  R12 = 00000000043f6430  R13 = 0000000030d70aa0
  R14 = 00000001d346c350  R15 = 0000000000000000
 
  RIP = 00000000f8dd340a  EFL = 00010202
 
   CS = 0033   FS = 0053   GS = 002b

Stack Trace (from fault):
[  0] 0x00000000f8dd340a C:\Program Files\MATLAB\R2019b\bin\win64\libmat.dll+00078858 writeMATHeader+00002826
[  1] 0x00000000f8dd7fa6 C:\Program Files\MATLAB\R2019b\bin\win64\libmat.dll+00098214 mat_developer_api::matGetVariable+00000070
[  2] 0x00000001a3357289 C:\Program Files\MATLAB\R2019b\bin\win64\simulink_plugins\amsi_slplugin\libmwamsi_slplugin.dll+00094857 us_destroy_activator_com_mathworks_amsi_slplugin+00065145
[  3] 0x00000001a33588c6 C:\Program Files\MATLAB\R2019b\bin\win64\simulink_plugins\amsi_slplugin\libmwamsi_slplugin.dll+00100550 us_destroy_activator_com_mathworks_amsi_slplugin+00070838
[  4] 0x000000013faf9e3b C:\Program Files\MATLAB\R2019b\bin\win64\sl_engine_classes.dll+04038203 slplugin::MasterCompEvent::setMdlRefRTWTopMdlName+00375899
[  5] 0x000000013fb028be C:\Program Files\MATLAB\R2019b\bin\win64\sl_engine_classes.dll+04073662 slplugin::addCompBdSignal+00017502
[  6] 0x000000013faffac2 C:\Program Files\MATLAB\R2019b\bin\win64\sl_engine_classes.dll+04061890 slplugin::addCompBdSignal+00005730
[  7] 0x000000013fab2985 C:\Program Files\MATLAB\R2019b\bin\win64\sl_engine_classes.dll+03746181 slplugin::MasterCompEvent::setMdlRefRTWTopMdlName+00083877
[  8] 0x000000013faf9aee C:\Program Files\MATLAB\R2019b\bin\win64\sl_engine_classes.dll+04037358 slplugin::MasterCompEvent::setMdlRefRTWTopMdlName+00375054
[  9] 0x000000013fac6937 C:\Program Files\MATLAB\R2019b\bin\win64\sl_engine_classes.dll+03828023 slplugin::MasterCompEvent::setMdlRefRTWTopMdlName+00165719
[ 10] 0x000000013fafcc0e C:\Program Files\MATLAB\R2019b\bin\win64\sl_engine_classes.dll+04049934 slplugin::RunStartOfCompileEvents+00000110
[ 11] 0x0000000174749bd7 C:\Program Files\MATLAB\R2019b\bin\win64\sl_compile.dll+03972055 SlFcnCallLatchMgr::getLatchBlocks+00008551
[ 12] 0x00000001747713da C:\Program Files\MATLAB\R2019b\bin\win64\sl_compile.dll+04133850 VarHiddenConnectionInfo::setNIForRemoval+00013610
[ 13] 0x0000000174710696 C:\Program Files\MATLAB\R2019b\bin\win64\sl_compile.dll+03737238 SLCG::AutosarCoderGroupMappingInfo_Impl::getRootOutputCoderGroupName+00018182
[ 14] 0x000000017470526c C:\Program Files\MATLAB\R2019b\bin\win64\sl_compile.dll+03691116 SLCompDiagramImpl+00000700
[ 15] 0x00000000fd407848 C:\Program Files\MATLAB\R2019b\bin\win64\sl_link_bd.dll+00751688 slink::CreateSlModelForLink+00000776
[ 16] 0x00000000fd40756c C:\Program Files\MATLAB\R2019b\bin\win64\sl_link_bd.dll+00750956 slink::CreateSlModelForLink+00000044
[ 17] 0x000000016905d652 C:\Program Files\MATLAB\R2019b\bin\win64\libmwsimulink.dll+16963154 slstSetOutputPortRateID+00098562
[ 18] 0x000000016906276b C:\Program Files\MATLAB\R2019b\bin\win64\libmwsimulink.dll+16983915 slstSetOutputPortRateID+00119323
[ 19] 0x0000000169069656 C:\Program Files\MATLAB\R2019b\bin\win64\libmwsimulink.dll+17012310 slstSetOutputPortRateID+00147718
[ 20] 0x0000000169068e07 C:\Program Files\MATLAB\R2019b\bin\win64\libmwsimulink.dll+17010183 slstSetOutputPortRateID+00145591
[ 21] 0x0000000169098cff C:\Program Files\MATLAB\R2019b\bin\win64\libmwsimulink.dll+17206527 slstSetOutputPortRateID+00341935
[ 22] 0x00000001689f7788 C:\Program Files\MATLAB\R2019b\bin\win64\libmwsimulink.dll+10254216 slAccPostBlock+00116440
[ 23] 0x0000000168892cb5 C:\Program Files\MATLAB\R2019b\bin\win64\libmwsimulink.dll+08793269 slFullSimulate+00000373
[ 24] 0x00000000faff11bb C:\Program Files\MATLAB\R2019b\bin\win64\sl_proxy_interface.dll+00004539
[ 25] 0x00000000fafa12a8 C:\Program Files\MATLAB\R2019b\bin\win64\builtins\sl_proxy_interface\mwsl_proxy_interface_builtinimpl.dll+00004776 us_set_bundle_context_instance_com_mathworks_sl_proxy_interface_builtinimpl+00000296
[ 26] 0x000000000dfceb25                     bin\win64\pgo\m_dispatcher.dll+00125733 Mfh_MATLAB_fn_impl::dispatch_mf_with_reuse+00000137
[ 27] 0x000000000dfbed82                     bin\win64\pgo\m_dispatcher.dll+00060802 AutoPushingExecutionFrame::~AutoPushingExecutionFrame+00000770
[ 28] 0x000000000dfbe1ad                     bin\win64\pgo\m_dispatcher.dll+00057773 Mfh_MATLAB_fn_impl::dispatch+00000045
[ 29] 0x00000000119ecce5                            bin\win64\pgo\m_lxe.dll+00249061
[ 30] 0x00000000119efa80                            bin\win64\pgo\m_lxe.dll+00260736
[ 31] 0x00000000119ec15c                            bin\win64\pgo\m_lxe.dll+00246108
[ 32] 0x0000000011b1bd91                            bin\win64\pgo\m_lxe.dll+01490321 mwboost::archive::detail::oserializer<mwboost::archive::binary_oarchive,foundation::msg_svc::eventmgr::BaseEvent>::oserializer<mwboost::archive::binary_oarchive,foundation::msg_svc::eventmgr::BaseEvent>+00507669
[ 33] 0x00000000119eaaab                            bin\win64\pgo\m_lxe.dll+00240299
[ 34] 0x00000000119e8f43                            bin\win64\pgo\m_lxe.dll+00233283
[ 35] 0x00000000119df8b5                            bin\win64\pgo\m_lxe.dll+00194741
[ 36] 0x00000000119de678                            bin\win64\pgo\m_lxe.dll+00190072
[ 37] 0x00000000119de2fc                            bin\win64\pgo\m_lxe.dll+00189180
[ 38] 0x000000000dfbf3a0                     bin\win64\pgo\m_dispatcher.dll+00062368 AutoPushingExecutionFrame::~AutoPushingExecutionFrame+00002336
[ 39] 0x000000000dfbea2d                     bin\win64\pgo\m_dispatcher.dll+00059949 Mfh_file::dispatch_with_reuse+00000045
[ 40] 0x00000000119ed26c                            bin\win64\pgo\m_lxe.dll+00250476
[ 41] 0x00000000119f063b                            bin\win64\pgo\m_lxe.dll+00263739
[ 42] 0x0000000011ad3d32                            bin\win64\pgo\m_lxe.dll+01195314 mwboost::archive::detail::oserializer<mwboost::archive::binary_oarchive,foundation::msg_svc::eventmgr::BaseEvent>::oserializer<mwboost::archive::binary_oarchive,foundation::msg_svc::eventmgr::BaseEvent>+00212662
[ 43] 0x0000000011ad3be8                            bin\win64\pgo\m_lxe.dll+01194984 mwboost::archive::detail::oserializer<mwboost::archive::binary_oarchive,foundation::msg_svc::eventmgr::BaseEvent>::oserializer<mwboost::archive::binary_oarchive,foundation::msg_svc::eventmgr::BaseEvent>+00212332
[ 44] 0x0000000011bb4a0a                            bin\win64\pgo\m_lxe.dll+02116106 mwboost::archive::detail::oserializer<mwboost::archive::binaryTerm_oarchive,MathWorks::lxe::ClosedAbstractionFunctionDescriptorOwningIrTree>::oserializer<mwboost::archive::binaryTerm_oarchive,MathWorks::lxe::ClosedAbstractionFunctionDescriptorOwningIrTree>+00124926
[ 45] 0x0000000011bb49b1                            bin\win64\pgo\m_lxe.dll+02116017 mwboost::archive::detail::oserializer<mwboost::archive::binaryTerm_oarchive,MathWorks::lxe::ClosedAbstractionFunctionDescriptorOwningIrTree>::oserializer<mwboost::archive::binaryTerm_oarchive,MathWorks::lxe::ClosedAbstractionFunctionDescriptorOwningIrTree>+00124837
[ 46] 0x0000000011bb4938                            bin\win64\pgo\m_lxe.dll+02115896 mwboost::archive::detail::oserializer<mwboost::archive::binaryTerm_oarchive,MathWorks::lxe::ClosedAbstractionFunctionDescriptorOwningIrTree>::oserializer<mwboost::archive::binaryTerm_oarchive,MathWorks::lxe::ClosedAbstractionFunctionDescriptorOwningIrTree>+00124716
[ 47] 0x000000000e1d647b                    bin\win64\pgo\m_interpreter.dll+00091259 inCallFcnWithTrapInDesiredWSAndPublishEvents+00000095
[ 48] 0x00000000fd00c762   C:\Program Files\MATLAB\R2019b\bin\win64\iqm.dll+00509794 iqm::BaseFEvalPlugin::inCallFcnWithTrap+00000066
[ 49] 0x00000000fd00c177   C:\Program Files\MATLAB\R2019b\bin\win64\iqm.dll+00508279 iqm::BaseFEvalPlugin::execute+00000343
[ 50] 0x00000000fd00c002   C:\Program Files\MATLAB\R2019b\bin\win64\iqm.dll+00507906 iqm::FEvalPlugin<cmddistributor::FEvalIIP>::execute+00000018
[ 51] 0x000000000ddf352e   C:\Program Files\MATLAB\R2019b\bin\win64\mcr.dll+00537902 mcr::runtime::setInterpreterThreadSingletonToCurrent+00187694
[ 52] 0x00000000fd015863   C:\Program Files\MATLAB\R2019b\bin\win64\iqm.dll+00546915 iqm::DelegateToAnotherIqmPlugin::execute+00000019
[ 53] 0x00000000167c226d   C:\Program Files\MATLAB\R2019b\bin\win64\jmi.dll+00795245 LoadJAWTLibrary+00011341
[ 54] 0x00000000fcffca21   C:\Program Files\MATLAB\R2019b\bin\win64\iqm.dll+00444961 iqm::Iqm::setupIqmFcnPtrs+00101969
[ 55] 0x00000000fcfd2ade   C:\Program Files\MATLAB\R2019b\bin\win64\iqm.dll+00273118 iqm::Iqm::create+00005102
[ 56] 0x00000000fb607500 C:\Program Files\MATLAB\R2019b\bin\win64\libmwbridge.dll+00095488 ioReadLine+00000848
[ 57] 0x00000000fb6072da C:\Program Files\MATLAB\R2019b\bin\win64\libmwbridge.dll+00094938 ioReadLine+00000298
[ 58] 0x00000000fb61abbd C:\Program Files\MATLAB\R2019b\bin\win64\libmwbridge.dll+00175037 mnDebugPrompt+00001933
[ 59] 0x00000000fb61a567 C:\Program Files\MATLAB\R2019b\bin\win64\libmwbridge.dll+00173415 mnDebugPrompt+00000311
[ 60] 0x00000000fb61aeda C:\Program Files\MATLAB\R2019b\bin\win64\libmwbridge.dll+00175834 mnParser+00000506
[ 61] 0x000000000de4d5f7   C:\Program Files\MATLAB\R2019b\bin\win64\mcr.dll+00906743 mcrInstance::releaseThread+00002647
[ 62] 0x000000000dd8a0ca   C:\Program Files\MATLAB\R2019b\bin\win64\mcr.dll+00106698 mcrOptions::set_use_license_manager+00068938
[ 63] 0x000000000ddaa334   C:\Program Files\MATLAB\R2019b\bin\win64\mcr.dll+00238388 mcrOptions::set_use_license_manager+00200628
[ 64] 0x00000000fd02047e   C:\Program Files\MATLAB\R2019b\bin\win64\iqm.dll+00590974 iqm::PackagedTaskPlugin::execute+00000878
[ 65] 0x00000000fd020303   C:\Program Files\MATLAB\R2019b\bin\win64\iqm.dll+00590595 iqm::PackagedTaskPlugin::execute+00000499
[ 66] 0x000000000ddf37de   C:\Program Files\MATLAB\R2019b\bin\win64\mcr.dll+00538590 mcr::runtime::setInterpreterThreadSingletonToCurrent+00188382
[ 67] 0x00000000fcffca21   C:\Program Files\MATLAB\R2019b\bin\win64\iqm.dll+00444961 iqm::Iqm::setupIqmFcnPtrs+00101969
[ 68] 0x00000000fcfd3ab7   C:\Program Files\MATLAB\R2019b\bin\win64\iqm.dll+00277175 iqm::Iqm::create+00009159
[ 69] 0x00000000fcfd326d   C:\Program Files\MATLAB\R2019b\bin\win64\iqm.dll+00275053 iqm::Iqm::create+00007037
[ 70] 0x000000000ddccaf3   C:\Program Files\MATLAB\R2019b\bin\win64\mcr.dll+00379635 mcr::runtime::setInterpreterThreadSingletonToCurrent+00029427
[ 71] 0x000000000ddcd22c   C:\Program Files\MATLAB\R2019b\bin\win64\mcr.dll+00381484 mcr::runtime::setInterpreterThreadSingletonToCurrent+00031276
[ 72] 0x000000000ddc3c07   C:\Program Files\MATLAB\R2019b\bin\win64\mcr.dll+00343047 mcr_process_events+00000791
[ 73] 0x000000000dcc0dbf C:\Program Files\MATLAB\R2019b\bin\win64\MVMLocal.dll+00396735 mvm_server::inproc::LocalFactory::terminate+00187135
[ 74] 0x00000000fa9e7c10   C:\Program Files\MATLAB\R2019b\bin\win64\mvm.dll+01801232 mvm::detail::SessionImpl::initWithOptions+00000736
[ 75] 0x00000000fa9e8941   C:\Program Files\MATLAB\R2019b\bin\win64\mvm.dll+01804609 mvm::detail::SessionImpl::runMain+00000081
[ 76] 0x00000000fa9e8bc7   C:\Program Files\MATLAB\R2019b\bin\win64\mvm.dll+01805255 mvm::detail::SessionImpl::runMatlabDesktop+00000279
[ 77] 0x0000000140007824 C:\Program Files\MATLAB\R2019b\bin\win64\MATLAB.exe+00030756 mwboost::serialization::singleton_module::unlock+00001172
[ 78] 0x00000001400086f2 C:\Program Files\MATLAB\R2019b\bin\win64\MATLAB.exe+00034546 mwboost::serialization::singleton_module::unlock+00004962
[ 79] 0x00007ff9be227bd4                   C:\Windows\System32\KERNEL32.DLL+00097236 BaseThreadInitThunk+00000020
[ 80] 0x00007ff9bf4aced1                      C:\Windows\SYSTEM32\ntdll.dll+00446161 RtlUserThreadStart+00000033

